Computing main repo mapping: 
Loading: 
Loading: 0 packages loaded
Analyzing: target //machine/evalBoard/tmdscncd28p65x/units/drvLedCtrl:drvLedCtrl_test (0 packages loaded, 0 targets configured)
Analyzing: target //machine/evalBoard/tmdscncd28p65x/units/drvLedCtrl:drvLedCtrl_test (0 packages loaded, 0 targets configured)

INFO: Analyzed target //machine/evalBoard/tmdscncd28p65x/units/drvLedCtrl:drvLedCtrl_test (0 packages loaded, 0 targets configured).
ERROR: C:/_git/embedded-project_v1/embedded-project/machine/evalBoard/tmdscncd28p65x/units/drvLedCtrl/BUILD:14:8: Compiling machine/evalBoard/tmdscncd28p65x/units/drvLedCtrl/drvLedCtrl_test.c failed: (Exit 1): gcc.exe failed: error executing CppCompile command (from target //machine/evalBoard/tmdscncd28p65x/units/drvLedCtrl:drvLedCtrl_test) 
  cd /d C:/_git/embedded-project_v1/output/execroot/_main
  SET PATH=C:\Program Files\Git\usr\bin;C:\Program Files\Git\bin;C:\WINDOWS;C:\WINDOWS\System32;C:\WINDOWS\System32\WindowsPowerShell\v1.0;C:\Users\maier\bin;C:\Program Files\Git\mingw64\bin;C:\Program Files\Git\usr\local\bin;C:\Program Files\Git\usr\bin;C:\Program Files\Git\usr\bin;C:\Program Files\Git\mingw64\bin;C:\Program Files\Git\usr\bin;C:\Users\maier\bin;C:\windows\system32;C:\windows;C:\windows\System32\Wbem;C:\windows\System32\WindowsPowerShell\v1.0;C:\windows\System32\OpenSSH;C:\Program Files\HP\HP One Agent;C:\WINDOWS\system32;C:\WINDOWS;C:\WINDOWS\System32\Wbem;C:\WINDOWS\System32\WindowsPowerShell\v1.0;C:\WINDOWS\System32\OpenSSH;C:\msys64\mingw64\bin;C:\Program Files\Git\cmd;C:\tools\bazel;C:\Program Files\LLVM\bin;C:\Program Files\doxygen\bin;C:\Users\maier\AppData\Local\Programs\Python\Python38\Scripts;C:\Users\maier\AppData\Local\Programs\Python\Python38;C:\Users\maier\AppData\Local\Microsoft\WindowsApps;C:\Users\maier\AppData\Local\Programs\Microsoft VS Code\bin;C:\Users\maier\AppData\Local\Microsoft\WinGet\Packages\Bazel.Bazelisk_Microsoft.Winget.Source_8wekyb3d8bbwe;C:\tools\bazel;C:\Users\maier\AppData\Local\Microsoft\WinGet\Packages\LLVM.ClangFormat_Microsoft.Winget.Source_8wekyb3d8bbwe;C:\Program Files\Graphviz\bin;C:\Users\maier\.vscode\extensions\ms-python.debugpy-2025.18.0-win32-x64\bundled\scripts\noConfigScripts;C:\Program Files\Git\usr\bin\vendor_perl;C:\Program Files\Git\usr\bin\core_perl
    SET PWD=/proc/self/cwd
    SET RUNFILES_MANIFEST_ONLY=1
  C:\msys64\mingw64\bin\gcc.exe -MD -MF bazel-out/x64_windows-fastbuild/bin/machine/evalBoard/tmdscncd28p65x/units/drvLedCtrl/_objs/drvLedCtrl_test/drvLedCtrl_test.d -frandom-seed=bazel-out/x64_windows-fastbuild/bin/machine/evalBoard/tmdscncd28p65x/units/drvLedCtrl/_objs/drvLedCtrl_test/drvLedCtrl_test.o -iquote . -iquote bazel-out/x64_windows-fastbuild/bin -iquote external/googletest+ -iquote bazel-out/x64_windows-fastbuild/bin/external/googletest+ -iquote external/bazel_tools -iquote bazel-out/x64_windows-fastbuild/bin/external/bazel_tools -isystem external/googletest+/googlemock -isystem bazel-out/x64_windows-fastbuild/bin/external/googletest+/googlemock -isystem external/googletest+/googlemock/include -isystem bazel-out/x64_windows-fastbuild/bin/external/googletest+/googlemock/include -isystem external/googletest+/googletest -isystem bazel-out/x64_windows-fastbuild/bin/external/googletest+/googletest -isystem external/googletest+/googletest/include -isystem bazel-out/x64_windows-fastbuild/bin/external/googletest+/googletest/include -c machine/evalBoard/tmdscncd28p65x/units/drvLedCtrl/drvLedCtrl_test.c -o bazel-out/x64_windows-fastbuild/bin/machine/evalBoard/tmdscncd28p65x/units/drvLedCtrl/_objs/drvLedCtrl_test/drvLedCtrl_test.o
# Configuration: d155393bb78f144bc26a2fab99e419531a5468f12aea019d71a9993abc71d85a
# Execution platform: @@platforms//host:host
ERROR: C:/_git/embedded-project_v1/output/external/googletest+/BUILD.bazel:90:11: Compiling googlemock/src/gmock-spec-builders.cc failed: (Exit 1): gcc.exe failed: error executing CppCompile command (from target @@googletest+//:gtest) 
  cd /d C:/_git/embedded-project_v1/output/execroot/_main
  SET PATH=C:\Program Files\Git\usr\bin;C:\Program Files\Git\bin;C:\WINDOWS;C:\WINDOWS\System32;C:\WINDOWS\System32\WindowsPowerShell\v1.0;C:\Users\maier\bin;C:\Program Files\Git\mingw64\bin;C:\Program Files\Git\usr\local\bin;C:\Program Files\Git\usr\bin;C:\Program Files\Git\usr\bin;C:\Program Files\Git\mingw64\bin;C:\Program Files\Git\usr\bin;C:\Users\maier\bin;C:\windows\system32;C:\windows;C:\windows\System32\Wbem;C:\windows\System32\WindowsPowerShell\v1.0;C:\windows\System32\OpenSSH;C:\Program Files\HP\HP One Agent;C:\WINDOWS\system32;C:\WINDOWS;C:\WINDOWS\System32\Wbem;C:\WINDOWS\System32\WindowsPowerShell\v1.0;C:\WINDOWS\System32\OpenSSH;C:\msys64\mingw64\bin;C:\Program Files\Git\cmd;C:\tools\bazel;C:\Program Files\LLVM\bin;C:\Program Files\doxygen\bin;C:\Users\maier\AppData\Local\Programs\Python\Python38\Scripts;C:\Users\maier\AppData\Local\Programs\Python\Python38;C:\Users\maier\AppData\Local\Microsoft\WindowsApps;C:\Users\maier\AppData\Local\Programs\Microsoft VS Code\bin;C:\Users\maier\AppData\Local\Microsoft\WinGet\Packages\Bazel.Bazelisk_Microsoft.Winget.Source_8wekyb3d8bbwe;C:\tools\bazel;C:\Users\maier\AppData\Local\Microsoft\WinGet\Packages\LLVM.ClangFormat_Microsoft.Winget.Source_8wekyb3d8bbwe;C:\Program Files\Graphviz\bin;C:\Users\maier\.vscode\extensions\ms-python.debugpy-2025.18.0-win32-x64\bundled\scripts\noConfigScripts;C:\Program Files\Git\usr\bin\vendor_perl;C:\Program Files\Git\usr\bin\core_perl
    SET PWD=/proc/self/cwd
    SET RUNFILES_MANIFEST_ONLY=1
  C:\msys64\mingw64\bin\gcc.exe -MD -MF bazel-out/x64_windows-fastbuild/bin/external/googletest+/_objs/gtest/gmock-spec-builders.d -frandom-seed=bazel-out/x64_windows-fastbuild/bin/external/googletest+/_objs/gtest/gmock-spec-builders.o -iquote external/googletest+ -iquote bazel-out/x64_windows-fastbuild/bin/external/googletest+ -isystem external/googletest+/googlemock -isystem bazel-out/x64_windows-fastbuild/bin/external/googletest+/googlemock -isystem external/googletest+/googlemock/include -isystem bazel-out/x64_windows-fastbuild/bin/external/googletest+/googlemock/include -isystem external/googletest+/googletest -isystem bazel-out/x64_windows-fastbuild/bin/external/googletest+/googletest -isystem external/googletest+/googletest/include -isystem bazel-out/x64_windows-fastbuild/bin/external/googletest+/googletest/include -std=c++17 -c external/googletest+/googlemock/src/gmock-spec-builders.cc -o bazel-out/x64_windows-fastbuild/bin/external/googletest+/_objs/gtest/gmock-spec-builders.o
# Configuration: 3a0ae23e6ec2ece9dd6088c536d4a434c963ec3a5c384638aafea3328586ebe3
# Execution platform: @@platforms//host:host
Target //machine/evalBoard/tmdscncd28p65x/units/drvLedCtrl:drvLedCtrl_test failed to build
INFO: Elapsed time: 0.465s, Critical Path: 0.12s
INFO: 9 processes: 9 internal.
ERROR: Build did NOT complete successfully
//machine/evalBoard/tmdscncd28p65x/units/drvLedCtrl:drvLedCtrl_test FAILED TO BUILD

Executed 0 out of 1 test: 1 fails to build.
